[2017-12-08 18:31:37] production.ERROR: No application encryption key has been specified. {"exception":"[object] (RuntimeException(code: 0): No application encryption key has been specified. at C:\\github\\plataforma-mobilidade\\Aula-13\\Atividade\\matheusSerra\\API-Laravel\\vendor\\laravel\\framework\\src\\Illuminate\\Encryption\\EncryptionServiceProvider.php:42)
[stacktrace]
#0 C:\\github\\plataforma-mobilidade\\Aula-13\\Atividade\\matheusSerra\\API-Laravel\\vendor\\laravel\\framework\\src\\Illuminate\\Support\\helpers.php(1035): Illuminate\\Encryption\\EncryptionServiceProvider->Illuminate\\Encryption\\{closure}(NULL)
#1 C:\\github\\plataforma-mobilidade\\Aula-13\\Atividade\\matheusSerra\\API-Laravel\\vendor\\laravel\\framework\\src\\Illuminate\\Encryption\\EncryptionServiceProvider.php(46): tap(NULL, Object(Closure))
#2 C:\\github\\plataforma-mobilidade\\Aula-13\\Atividade\\matheusSerra\\API-Laravel\\vendor\\laravel\\framework\\src\\Illuminate\\Encryption\\EncryptionServiceProvider.php(24): Illuminate\\Encryption\\EncryptionServiceProvider->key(Array)
#3 C:\\github\\plataforma-mobilidade\\Aula-13\\Atividade\\matheusSerra\\API-Laravel\\vendor\\laravel\\framework\\src\\Illuminate\\Container\\Container.php(749): Illuminate\\Encryption\\EncryptionServiceProvider->Illuminate\\Encryption\\{closure}(Object(Illuminate\\Foundation\\Application), Array)
#4 C:\\github\\plataforma-mobilidade\\Aula-13\\Atividade\\matheusSerra\\API-Laravel\\vendor\\laravel\\framework\\src\\Illuminate\\Container\\Container.php(631): Illuminate\\Container\\Container->build(Object(Closure))
#5 C:\\github\\plataforma-mobilidade\\Aula-13\\Atividade\\matheusSerra\\API-Laravel\\vendor\\laravel\\framework\\src\\Illuminate\\Container\\Container.php(586): Illuminate\\Container\\Container->resolve('encrypter', Array)
#6 C:\\github\\plataforma-mobilidade\\Aula-13\\Atividade\\matheusSerra\\API-Laravel\\vendor\\laravel\\framework\\src\\Illuminate\\Foundation\\Application.php(732): Illuminate\\Container\\Container->make('encrypter', Array)
#7 C:\\github\\plataforma-mobilidade\\Aula-13\\Atividade\\matheusSerra\\API-Laravel\\vendor\\laravel\\framework\\src\\Illuminate\\Container\\Container.php(885): Illuminate\\Foundation\\Application->make('encrypter')
#8 C:\\github\\plataforma-mobilidade\\Aula-13\\Atividade\\matheusSerra\\API-Laravel\\vendor\\laravel\\framework\\src\\Illuminate\\Container\\Container.php(813): Illuminate\\Container\\Container->resolveClass(Object(ReflectionParameter))
#9 C:\\github\\plataforma-mobilidade\\Aula-13\\Atividade\\matheusSerra\\API-Laravel\\vendor\\laravel\\framework\\src\\Illuminate\\Container\\Container.php(779): Illuminate\\Container\\Container->resolveDependencies(Array)
#10 C:\\github\\plataforma-mobilidade\\Aula-13\\Atividade\\matheusSerra\\API-Laravel\\vendor\\laravel\\framework\\src\\Illuminate\\Container\\Container.php(631): Illuminate\\Container\\Container->build('App\\\\Http\\\\Middle...')
#11 C:\\github\\plataforma-mobilidade\\Aula-13\\Atividade\\matheusSerra\\API-Laravel\\vendor\\laravel\\framework\\src\\Illuminate\\Container\\Container.php(586): Illuminate\\Container\\Container->resolve('App\\\\Http\\\\Middle...', Array)
#12 C:\\github\\plataforma-mobilidade\\Aula-13\\Atividade\\matheusSerra\\API-Laravel\\vendor\\laravel\\framework\\src\\Illuminate\\Foundation\\Application.php(732): Illuminate\\Container\\Container->make('App\\\\Http\\\\Middle...', Array)
#13 C:\\github\\plataforma-mobilidade\\Aula-13\\Atividade\\matheusSerra\\API-Laravel\\vendor\\laravel\\framework\\src\\Illuminate\\Pipeline\\Pipeline.php(138): Illuminate\\Foundation\\Application->make('App\\\\Http\\\\Middle...')
#14 C:\\github\\plataforma-mobilidade\\Aula-13\\Atividade\\matheusSerra\\API-Laravel\\vendor\\laravel\\framework\\src\\Illuminate\\Routing\\Pipeline.php(53): Illuminate\\Pipeline\\Pipeline->Illuminate\\Pipeline\\{closure}(Object(Illuminate\\Http\\Request))
#15 C:\\github\\plataforma-mobilidade\\Aula-13\\Atividade\\matheusSerra\\API-Laravel\\vendor\\laravel\\framework\\src\\Illuminate\\Pipeline\\Pipeline.php(102): Illuminate\\Routing\\Pipeline->Illuminate\\Routing\\{closure}(Object(Illuminate\\Http\\Request))
#16 C:\\github\\plataforma-mobilidade\\Aula-13\\Atividade\\matheusSerra\\API-Laravel\\vendor\\laravel\\framework\\src\\Illuminate\\Routing\\Router.php(660): Illuminate\\Pipeline\\Pipeline->then(Object(Closure))
#17 C:\\github\\plataforma-mobilidade\\Aula-13\\Atividade\\matheusSerra\\API-Laravel\\vendor\\laravel\\framework\\src\\Illuminate\\Routing\\Router.php(635): Illuminate\\Routing\\Router->runRouteWithinStack(Object(Illuminate\\Routing\\Route), Object(Illuminate\\Http\\Request))
#18 C:\\github\\plataforma-mobilidade\\Aula-13\\Atividade\\matheusSerra\\API-Laravel\\vendor\\laravel\\framework\\src\\Illuminate\\Routing\\Router.php(601): Illuminate\\Routing\\Router->runRoute(Object(Illuminate\\Http\\Request), Object(Illuminate\\Routing\\Route))
#19 C:\\github\\plataforma-mobilidade\\Aula-13\\Atividade\\matheusSerra\\API-Laravel\\vendor\\laravel\\framework\\src\\Illuminate\\Routing\\Router.php(590): Illuminate\\Routing\\Router->dispatchToRoute(Object(Illuminate\\Http\\Request))
#20 C:\\github\\plataforma-mobilidade\\Aula-13\\Atividade\\matheusSerra\\API-Laravel\\vendor\\laravel\\framework\\src\\Illuminate\\Foundation\\Http\\Kernel.php(176): Illuminate\\Routing\\Router->dispatch(Object(Illuminate\\Http\\Request))
#21 C:\\github\\plataforma-mobilidade\\Aula-13\\Atividade\\matheusSerra\\API-Laravel\\vendor\\laravel\\framework\\src\\Illuminate\\Routing\\Pipeline.php(30): Illuminate\\Foundation\\Http\\Kernel->Illuminate\\Foundation\\Http\\{closure}(Object(Illuminate\\Http\\Request))
#22 C:\\github\\plataforma-mobilidade\\Aula-13\\Atividade\\matheusSerra\\API-Laravel\\app\\Http\\Middleware\\Cors.php(18): Illuminate\\Routing\\Pipeline->Illuminate\\Routing\\{closure}(Object(Illuminate\\Http\\Request))
#23 C:\\github\\plataforma-mobilidade\\Aula-13\\Atividade\\matheusSerra\\API-Laravel\\vendor\\laravel\\framework\\src\\Illuminate\\Pipeline\\Pipeline.php(149): App\\Http\\Middleware\\Cors->handle(Object(Illuminate\\Http\\Request), Object(Closure))
#24 C:\\github\\plataforma-mobilidade\\Aula-13\\Atividade\\matheusSerra\\API-Laravel\\vendor\\laravel\\framework\\src\\Illuminate\\Routing\\Pipeline.php(53): Illuminate\\Pipeline\\Pipeline->Illuminate\\Pipeline\\{closure}(Object(Illuminate\\Http\\Request))
#25 C:\\github\\plataforma-mobilidade\\Aula-13\\Atividade\\matheusSerra\\API-Laravel\\vendor\\fideloper\\proxy\\src\\TrustProxies.php(56): Illuminate\\Routing\\Pipeline->Illuminate\\Routing\\{closure}(Object(Illuminate\\Http\\Request))
#26 C:\\github\\plataforma-mobilidade\\Aula-13\\Atividade\\matheusSerra\\API-Laravel\\vendor\\laravel\\framework\\src\\Illuminate\\Pipeline\\Pipeline.php(149): Fideloper\\Proxy\\TrustProxies->handle(Object(Illuminate\\Http\\Request), Object(Closure))
#27 C:\\github\\plataforma-mobilidade\\Aula-13\\Atividade\\matheusSerra\\API-Laravel\\vendor\\laravel\\framework\\src\\Illuminate\\Routing\\Pipeline.php(53): Illuminate\\Pipeline\\Pipeline->Illuminate\\Pipeline\\{closure}(Object(Illuminate\\Http\\Request))
#28 C:\\github\\plataforma-mobilidade\\Aula-13\\Atividade\\matheusSerra\\API-Laravel\\vendor\\laravel\\framework\\src\\Illuminate\\Foundation\\Http\\Middleware\\TransformsRequest.php(30): Illuminate\\Routing\\Pipeline->Illuminate\\Routing\\{closure}(Object(Illuminate\\Http\\Request))
#29 C:\\github\\plataforma-mobilidade\\Aula-13\\Atividade\\matheusSerra\\API-Laravel\\vendor\\laravel\\framework\\src\\Illuminate\\Pipeline\\Pipeline.php(149): Illuminate\\Foundation\\Http\\Middleware\\TransformsRequest->handle(Object(Illuminate\\Http\\Request), Object(Closure))
#30 C:\\github\\plataforma-mobilidade\\Aula-13\\Atividade\\matheusSerra\\API-Laravel\\vendor\\laravel\\framework\\src\\Illuminate\\Routing\\Pipeline.php(53): Illuminate\\Pipeline\\Pipeline->Illuminate\\Pipeline\\{closure}(Object(Illuminate\\Http\\Request))
#31 C:\\github\\plataforma-mobilidade\\Aula-13\\Atividade\\matheusSerra\\API-Laravel\\vendor\\laravel\\framework\\src\\Illuminate\\Foundation\\Http\\Middleware\\TransformsRequest.php(30): Illuminate\\Routing\\Pipeline->Illuminate\\Routing\\{closure}(Object(Illuminate\\Http\\Request))
#32 C:\\github\\plataforma-mobilidade\\Aula-13\\Atividade\\matheusSerra\\API-Laravel\\vendor\\laravel\\framework\\src\\Illuminate\\Pipeline\\Pipeline.php(149): Illuminate\\Foundation\\Http\\Middleware\\TransformsRequest->handle(Object(Illuminate\\Http\\Request), Object(Closure))
#33 C:\\github\\plataforma-mobilidade\\Aula-13\\Atividade\\matheusSerra\\API-Laravel\\vendor\\laravel\\framework\\src\\Illuminate\\Routing\\Pipeline.php(53): Illuminate\\Pipeline\\Pipeline->Illuminate\\Pipeline\\{closure}(Object(Illuminate\\Http\\Request))
#34 C:\\github\\plataforma-mobilidade\\Aula-13\\Atividade\\matheusSerra\\API-Laravel\\vendor\\laravel\\framework\\src\\Illuminate\\Foundation\\Http\\Middleware\\ValidatePostSize.php(27): Illuminate\\Routing\\Pipeline->Illuminate\\Routing\\{closure}(Object(Illuminate\\Http\\Request))
#35 C:\\github\\plataforma-mobilidade\\Aula-13\\Atividade\\matheusSerra\\API-Laravel\\vendor\\laravel\\framework\\src\\Illuminate\\Pipeline\\Pipeline.php(149): Illuminate\\Foundation\\Http\\Middleware\\ValidatePostSize->handle(Object(Illuminate\\Http\\Request), Object(Closure))
#36 C:\\github\\plataforma-mobilidade\\Aula-13\\Atividade\\matheusSerra\\API-Laravel\\vendor\\laravel\\framework\\src\\Illuminate\\Routing\\Pipeline.php(53): Illuminate\\Pipeline\\Pipeline->Illuminate\\Pipeline\\{closure}(Object(Illuminate\\Http\\Request))
#37 C:\\github\\plataforma-mobilidade\\Aula-13\\Atividade\\matheusSerra\\API-Laravel\\vendor\\laravel\\framework\\src\\Illuminate\\Foundation\\Http\\Middleware\\CheckForMaintenanceMode.php(46): Illuminate\\Routing\\Pipeline->Illuminate\\Routing\\{closure}(Object(Illuminate\\Http\\Request))
#38 C:\\github\\plataforma-mobilidade\\Aula-13\\Atividade\\matheusSerra\\API-Laravel\\vendor\\laravel\\framework\\src\\Illuminate\\Pipeline\\Pipeline.php(149): Illuminate\\Foundation\\Http\\Middleware\\CheckForMaintenanceMode->handle(Object(Illuminate\\Http\\Request), Object(Closure))
#39 C:\\github\\plataforma-mobilidade\\Aula-13\\Atividade\\matheusSerra\\API-Laravel\\vendor\\laravel\\framework\\src\\Illuminate\\Routing\\Pipeline.php(53): Illuminate\\Pipeline\\Pipeline->Illuminate\\Pipeline\\{closure}(Object(Illuminate\\Http\\Request))
#40 C:\\github\\plataforma-mobilidade\\Aula-13\\Atividade\\matheusSerra\\API-Laravel\\vendor\\laravel\\framework\\src\\Illuminate\\Pipeline\\Pipeline.php(102): Illuminate\\Routing\\Pipeline->Illuminate\\Routing\\{closure}(Object(Illuminate\\Http\\Request))
#41 C:\\github\\plataforma-mobilidade\\Aula-13\\Atividade\\matheusSerra\\API-Laravel\\vendor\\laravel\\framework\\src\\Illuminate\\Foundation\\Http\\Kernel.php(151): Illuminate\\Pipeline\\Pipeline->then(Object(Closure))
#42 C:\\github\\plataforma-mobilidade\\Aula-13\\Atividade\\matheusSerra\\API-Laravel\\vendor\\laravel\\framework\\src\\Illuminate\\Foundation\\Http\\Kernel.php(116): Illuminate\\Foundation\\Http\\Kernel->sendRequestThroughRouter(Object(Illuminate\\Http\\Request))
#43 C:\\github\\plataforma-mobilidade\\Aula-13\\Atividade\\matheusSerra\\API-Laravel\\public\\index.php(55): Illuminate\\Foundation\\Http\\Kernel->handle(Object(Illuminate\\Http\\Request))
#44 C:\\github\\plataforma-mobilidade\\Aula-13\\Atividade\\matheusSerra\\API-Laravel\\server.php(21): require_once('C:\\\\github\\\\plata...')
#45 {main}
"} 
[2017-12-08 18:31:37] production.ERROR: No application encryption key has been specified. {"exception":"[object] (RuntimeException(code: 0): No application encryption key has been specified. at C:\\github\\plataforma-mobilidade\\Aula-13\\Atividade\\matheusSerra\\API-Laravel\\vendor\\laravel\\framework\\src\\Illuminate\\Encryption\\EncryptionServiceProvider.php:42)
[stacktrace]
#0 C:\\github\\plataforma-mobilidade\\Aula-13\\Atividade\\matheusSerra\\API-Laravel\\vendor\\laravel\\framework\\src\\Illuminate\\Support\\helpers.php(1035): Illuminate\\Encryption\\EncryptionServiceProvider->Illuminate\\Encryption\\{closure}(NULL)
#1 C:\\github\\plataforma-mobilidade\\Aula-13\\Atividade\\matheusSerra\\API-Laravel\\vendor\\laravel\\framework\\src\\Illuminate\\Encryption\\EncryptionServiceProvider.php(46): tap(NULL, Object(Closure))
#2 C:\\github\\plataforma-mobilidade\\Aula-13\\Atividade\\matheusSerra\\API-Laravel\\vendor\\laravel\\framework\\src\\Illuminate\\Encryption\\EncryptionServiceProvider.php(24): Illuminate\\Encryption\\EncryptionServiceProvider->key(Array)
#3 C:\\github\\plataforma-mobilidade\\Aula-13\\Atividade\\matheusSerra\\API-Laravel\\vendor\\laravel\\framework\\src\\Illuminate\\Container\\Container.php(749): Illuminate\\Encryption\\EncryptionServiceProvider->Illuminate\\Encryption\\{closure}(Object(Illuminate\\Foundation\\Application), Array)
#4 C:\\github\\plataforma-mobilidade\\Aula-13\\Atividade\\matheusSerra\\API-Laravel\\vendor\\laravel\\framework\\src\\Illuminate\\Container\\Container.php(631): Illuminate\\Container\\Container->build(Object(Closure))
#5 C:\\github\\plataforma-mobilidade\\Aula-13\\Atividade\\matheusSerra\\API-Laravel\\vendor\\laravel\\framework\\src\\Illuminate\\Container\\Container.php(586): Illuminate\\Container\\Container->resolve('encrypter', Array)
#6 C:\\github\\plataforma-mobilidade\\Aula-13\\Atividade\\matheusSerra\\API-Laravel\\vendor\\laravel\\framework\\src\\Illuminate\\Foundation\\Application.php(732): Illuminate\\Container\\Container->make('encrypter', Array)
#7 C:\\github\\plataforma-mobilidade\\Aula-13\\Atividade\\matheusSerra\\API-Laravel\\vendor\\laravel\\framework\\src\\Illuminate\\Container\\Container.php(885): Illuminate\\Foundation\\Application->make('encrypter')
#8 C:\\github\\plataforma-mobilidade\\Aula-13\\Atividade\\matheusSerra\\API-Laravel\\vendor\\laravel\\framework\\src\\Illuminate\\Container\\Container.php(813): Illuminate\\Container\\Container->resolveClass(Object(ReflectionParameter))
#9 C:\\github\\plataforma-mobilidade\\Aula-13\\Atividade\\matheusSerra\\API-Laravel\\vendor\\laravel\\framework\\src\\Illuminate\\Container\\Container.php(779): Illuminate\\Container\\Container->resolveDependencies(Array)
#10 C:\\github\\plataforma-mobilidade\\Aula-13\\Atividade\\matheusSerra\\API-Laravel\\vendor\\laravel\\framework\\src\\Illuminate\\Container\\Container.php(631): Illuminate\\Container\\Container->build('App\\\\Http\\\\Middle...')
#11 C:\\github\\plataforma-mobilidade\\Aula-13\\Atividade\\matheusSerra\\API-Laravel\\vendor\\laravel\\framework\\src\\Illuminate\\Container\\Container.php(586): Illuminate\\Container\\Container->resolve('App\\\\Http\\\\Middle...', Array)
#12 C:\\github\\plataforma-mobilidade\\Aula-13\\Atividade\\matheusSerra\\API-Laravel\\vendor\\laravel\\framework\\src\\Illuminate\\Foundation\\Application.php(732): Illuminate\\Container\\Container->make('App\\\\Http\\\\Middle...', Array)
#13 C:\\github\\plataforma-mobilidade\\Aula-13\\Atividade\\matheusSerra\\API-Laravel\\vendor\\laravel\\framework\\src\\Illuminate\\Foundation\\Http\\Kernel.php(215): Illuminate\\Foundation\\Application->make('App\\\\Http\\\\Middle...')
#14 C:\\github\\plataforma-mobilidade\\Aula-13\\Atividade\\matheusSerra\\API-Laravel\\vendor\\laravel\\framework\\src\\Illuminate\\Foundation\\Http\\Kernel.php(189): Illuminate\\Foundation\\Http\\Kernel->terminateMiddleware(Object(Illuminate\\Http\\Request), Object(Illuminate\\Http\\Response))
#15 C:\\github\\plataforma-mobilidade\\Aula-13\\Atividade\\matheusSerra\\API-Laravel\\public\\index.php(60): Illuminate\\Foundation\\Http\\Kernel->terminate(Object(Illuminate\\Http\\Request), Object(Illuminate\\Http\\Response))
#16 C:\\github\\plataforma-mobilidade\\Aula-13\\Atividade\\matheusSerra\\API-Laravel\\server.php(21): require_once('C:\\\\github\\\\plata...')
#17 {main}
"} 
[2017-12-08 18:35:47] local.ERROR: SQLSTATE[42000]: Syntax error or access violation: 1071 Specified key was too long; max key length is 1000 bytes (SQL: alter table `users` add unique `users_email_unique`(`email`)) {"exception":"[object] (Illuminate\\Database\\QueryException(code: 42000): SQLSTATE[42000]: Syntax error or access violation: 1071 Specified key was too long; max key length is 1000 bytes (SQL: alter table `users` add unique `users_email_unique`(`email`)) at C:\\github\\plataforma-mobilidade\\Aula-13\\Atividade\\matheusSerra\\API-Laravel\\vendor\\laravel\\framework\\src\\Illuminate\\Database\\Connection.php:664, PDOException(code: 42000): SQLSTATE[42000]: Syntax error or access violation: 1071 Specified key was too long; max key length is 1000 bytes at C:\\github\\plataforma-mobilidade\\Aula-13\\Atividade\\matheusSerra\\API-Laravel\\vendor\\laravel\\framework\\src\\Illuminate\\Database\\Connection.php:458)
[stacktrace]
#0 C:\\github\\plataforma-mobilidade\\Aula-13\\Atividade\\matheusSerra\\API-Laravel\\vendor\\laravel\\framework\\src\\Illuminate\\Database\\Connection.php(624): Illuminate\\Database\\Connection->runQueryCallback('alter table `us...', Array, Object(Closure))
#1 C:\\github\\plataforma-mobilidade\\Aula-13\\Atividade\\matheusSerra\\API-Laravel\\vendor\\laravel\\framework\\src\\Illuminate\\Database\\Connection.php(459): Illuminate\\Database\\Connection->run('alter table `us...', Array, Object(Closure))
#2 C:\\github\\plataforma-mobilidade\\Aula-13\\Atividade\\matheusSerra\\API-Laravel\\vendor\\laravel\\framework\\src\\Illuminate\\Database\\Schema\\Blueprint.php(86): Illuminate\\Database\\Connection->statement('alter table `us...')
#3 C:\\github\\plataforma-mobilidade\\Aula-13\\Atividade\\matheusSerra\\API-Laravel\\vendor\\laravel\\framework\\src\\Illuminate\\Database\\Schema\\Builder.php(252): Illuminate\\Database\\Schema\\Blueprint->build(Object(Illuminate\\Database\\MySqlConnection), Object(Illuminate\\Database\\Schema\\Grammars\\MySqlGrammar))
#4 C:\\github\\plataforma-mobilidade\\Aula-13\\Atividade\\matheusSerra\\API-Laravel\\vendor\\laravel\\framework\\src\\Illuminate\\Database\\Schema\\Builder.php(165): Illuminate\\Database\\Schema\\Builder->build(Object(Illuminate\\Database\\Schema\\Blueprint))
#5 C:\\github\\plataforma-mobilidade\\Aula-13\\Atividade\\matheusSerra\\API-Laravel\\vendor\\laravel\\framework\\src\\Illuminate\\Support\\Facades\\Facade.php(221): Illuminate\\Database\\Schema\\Builder->create('users', Object(Closure))
#6 C:\\github\\plataforma-mobilidade\\Aula-13\\Atividade\\matheusSerra\\API-Laravel\\database\\migrations\\2014_10_12_000000_create_users_table.php(23): Illuminate\\Support\\Facades\\Facade::__callStatic('create', Array)
#7 C:\\github\\plataforma-mobilidade\\Aula-13\\Atividade\\matheusSerra\\API-Laravel\\vendor\\laravel\\framework\\src\\Illuminate\\Database\\Migrations\\Migrator.php(359): CreateUsersTable->up()
#8 C:\\github\\plataforma-mobilidade\\Aula-13\\Atividade\\matheusSerra\\API-Laravel\\vendor\\laravel\\framework\\src\\Illuminate\\Database\\Migrations\\Migrator.php(365): Illuminate\\Database\\Migrations\\Migrator->Illuminate\\Database\\Migrations\\{closure}()
#9 C:\\github\\plataforma-mobilidade\\Aula-13\\Atividade\\matheusSerra\\API-Laravel\\vendor\\laravel\\framework\\src\\Illuminate\\Database\\Migrations\\Migrator.php(177): Illuminate\\Database\\Migrations\\Migrator->runMigration(Object(CreateUsersTable), 'up')
#10 C:\\github\\plataforma-mobilidade\\Aula-13\\Atividade\\matheusSerra\\API-Laravel\\vendor\\laravel\\framework\\src\\Illuminate\\Database\\Migrations\\Migrator.php(146): Illuminate\\Database\\Migrations\\Migrator->runUp('C:\\\\github\\\\plata...', 1, false)
#11 C:\\github\\plataforma-mobilidade\\Aula-13\\Atividade\\matheusSerra\\API-Laravel\\vendor\\laravel\\framework\\src\\Illuminate\\Database\\Migrations\\Migrator.php(95): Illuminate\\Database\\Migrations\\Migrator->runPending(Array, Array)
#12 C:\\github\\plataforma-mobilidade\\Aula-13\\Atividade\\matheusSerra\\API-Laravel\\vendor\\laravel\\framework\\src\\Illuminate\\Database\\Console\\Migrations\\MigrateCommand.php(69): Illuminate\\Database\\Migrations\\Migrator->run(Array, Array)
#13 [internal function]: Illuminate\\Database\\Console\\Migrations\\MigrateCommand->handle()
#14 C:\\github\\plataforma-mobilidade\\Aula-13\\Atividade\\matheusSerra\\API-Laravel\\vendor\\laravel\\framework\\src\\Illuminate\\Container\\BoundMethod.php(29): call_user_func_array(Array, Array)
#15 C:\\github\\plataforma-mobilidade\\Aula-13\\Atividade\\matheusSerra\\API-Laravel\\vendor\\laravel\\framework\\src\\Illuminate\\Container\\BoundMethod.php(87): Illuminate\\Container\\BoundMethod::Illuminate\\Container\\{closure}()
#16 C:\\github\\plataforma-mobilidade\\Aula-13\\Atividade\\matheusSerra\\API-Laravel\\vendor\\laravel\\framework\\src\\Illuminate\\Container\\BoundMethod.php(31): Illuminate\\Container\\BoundMethod::callBoundMethod(Object(Illuminate\\Foundation\\Application), Array, Object(Closure))
#17 C:\\github\\plataforma-mobilidade\\Aula-13\\Atividade\\matheusSerra\\API-Laravel\\vendor\\laravel\\framework\\src\\Illuminate\\Container\\Container.php(549): Illuminate\\Container\\BoundMethod::call(Object(Illuminate\\Foundation\\Application), Array, Array, NULL)
#18 C:\\github\\plataforma-mobilidade\\Aula-13\\Atividade\\matheusSerra\\API-Laravel\\vendor\\laravel\\framework\\src\\Illuminate\\Console\\Command.php(180): Illuminate\\Container\\Container->call(Array)
#19 C:\\github\\plataforma-mobilidade\\Aula-13\\Atividade\\matheusSerra\\API-Laravel\\vendor\\symfony\\console\\Command\\Command.php(252): Illuminate\\Console\\Command->execute(Object(Symfony\\Component\\Console\\Input\\ArgvInput), Object(Illuminate\\Console\\OutputStyle))
#20 C:\\github\\plataforma-mobilidade\\Aula-13\\Atividade\\matheusSerra\\API-Laravel\\vendor\\laravel\\framework\\src\\Illuminate\\Console\\Command.php(167): Symfony\\Component\\Console\\Command\\Command->run(Object(Symfony\\Component\\Console\\Input\\ArgvInput), Object(Illuminate\\Console\\OutputStyle))
#21 C:\\github\\plataforma-mobilidade\\Aula-13\\Atividade\\matheusSerra\\API-Laravel\\vendor\\symfony\\console\\Application.php(936): Illuminate\\Console\\Command->run(Object(Symfony\\Component\\Console\\Input\\ArgvInput), Object(Symfony\\Component\\Console\\Output\\ConsoleOutput))
#22 C:\\github\\plataforma-mobilidade\\Aula-13\\Atividade\\matheusSerra\\API-Laravel\\vendor\\symfony\\console\\Application.php(240): Symfony\\Component\\Console\\Application->doRunCommand(Object(Illuminate\\Database\\Console\\Migrations\\MigrateCommand), Object(Symfony\\Component\\Console\\Input\\ArgvInput), Object(Symfony\\Component\\Console\\Output\\ConsoleOutput))
#23 C:\\github\\plataforma-mobilidade\\Aula-13\\Atividade\\matheusSerra\\API-Laravel\\vendor\\symfony\\console\\Application.php(148): Symfony\\Component\\Console\\Application->doRun(Object(Symfony\\Component\\Console\\Input\\ArgvInput), Object(Symfony\\Component\\Console\\Output\\ConsoleOutput))
#24 C:\\github\\plataforma-mobilidade\\Aula-13\\Atividade\\matheusSerra\\API-Laravel\\vendor\\laravel\\framework\\src\\Illuminate\\Console\\Application.php(88): Symfony\\Component\\Console\\Application->run(Object(Symfony\\Component\\Console\\Input\\ArgvInput), Object(Symfony\\Component\\Console\\Output\\ConsoleOutput))
#25 C:\\github\\plataforma-mobilidade\\Aula-13\\Atividade\\matheusSerra\\API-Laravel\\vendor\\laravel\\framework\\src\\Illuminate\\Foundation\\Console\\Kernel.php(121): Illuminate\\Console\\Application->run(Object(Symfony\\Component\\Console\\Input\\ArgvInput), Object(Symfony\\Component\\Console\\Output\\ConsoleOutput))
#26 C:\\github\\plataforma-mobilidade\\Aula-13\\Atividade\\matheusSerra\\API-Laravel\\artisan(37): Illuminate\\Foundation\\Console\\Kernel->handle(Object(Symfony\\Component\\Console\\Input\\ArgvInput), Object(Symfony\\Component\\Console\\Output\\ConsoleOutput))
#27 {main}
"} 
